<?xml version="1.0" encoding="UTF-8"?>
<testsuite xmlns:xsi="http://www.w3.org/2001/XMLSchema-instance" xsi:noNamespaceSchemaLocation="https://maven.apache.org/surefire/maven-surefire-plugin/xsd/surefire-test-report-3.0.xsd" version="3.0" name="com.udacity.webcrawler.ParallelWebCrawlerTest" time="0.278" tests="1" errors="0" skipped="0" failures="0">
  <properties>
    <property name="java.specification.version" value="16"/>
    <property name="sun.cpu.isalist" value="amd64"/>
    <property name="sun.jnu.encoding" value="Cp1252"/>
    <property name="java.class.path" value="C:\Users\Rizve Chowdhury\Desktop\UdacityNano\web_crawler\Java-Nanodegree-Program-Project-2\webcrawler\target\test-classes;C:\Users\Rizve Chowdhury\Desktop\UdacityNano\web_crawler\Java-Nanodegree-Program-Project-2\webcrawler\target\classes;C:\Users\Rizve Chowdhury\Desktop\UdacityNano\web_crawler\Java-Nanodegree-Program-Project-2\webcrawler\${userhome}\.m2\repository\com\google\inject\guice\5.1.0\guice-5.1.0.jar;C:\Users\Rizve Chowdhury\Desktop\UdacityNano\web_crawler\Java-Nanodegree-Program-Project-2\webcrawler\${userhome}\.m2\repository\aopalliance\aopalliance\1.0\aopalliance-1.0.jar;C:\Users\Rizve Chowdhury\Desktop\UdacityNano\web_crawler\Java-Nanodegree-Program-Project-2\webcrawler\${userhome}\.m2\repository\com\google\guava\guava\30.1-jre\guava-30.1-jre.jar;C:\Users\Rizve Chowdhury\Desktop\UdacityNano\web_crawler\Java-Nanodegree-Program-Project-2\webcrawler\${userhome}\.m2\repository\com\google\guava\failureaccess\1.0.1\failureaccess-1.0.1.jar;C:\Users\Rizve Chowdhury\Desktop\UdacityNano\web_crawler\Java-Nanodegree-Program-Project-2\webcrawler\${userhome}\.m2\repository\com\google\guava\listenablefuture\9999.0-empty-to-avoid-conflict-with-guava\listenablefuture-9999.0-empty-to-avoid-conflict-with-guava.jar;C:\Users\Rizve Chowdhury\Desktop\UdacityNano\web_crawler\Java-Nanodegree-Program-Project-2\webcrawler\${userhome}\.m2\repository\com\google\code\findbugs\jsr305\3.0.2\jsr305-3.0.2.jar;C:\Users\Rizve Chowdhury\Desktop\UdacityNano\web_crawler\Java-Nanodegree-Program-Project-2\webcrawler\${userhome}\.m2\repository\org\checkerframework\checker-qual\3.5.0\checker-qual-3.5.0.jar;C:\Users\Rizve Chowdhury\Desktop\UdacityNano\web_crawler\Java-Nanodegree-Program-Project-2\webcrawler\${userhome}\.m2\repository\com\google\j2objc\j2objc-annotations\1.3\j2objc-annotations-1.3.jar;C:\Users\Rizve Chowdhury\Desktop\UdacityNano\web_crawler\Java-Nanodegree-Program-Project-2\webcrawler\${userhome}\.m2\repository\javax\inject\javax.inject\1\javax.inject-1.jar;C:\Users\Rizve Chowdhury\Desktop\UdacityNano\web_crawler\Java-Nanodegree-Program-Project-2\webcrawler\${userhome}\.m2\repository\com\fasterxml\jackson\core\jackson-core\2.13.3\jackson-core-2.13.3.jar;C:\Users\Rizve Chowdhury\Desktop\UdacityNano\web_crawler\Java-Nanodegree-Program-Project-2\webcrawler\${userhome}\.m2\repository\com\fasterxml\jackson\core\jackson-databind\2.13.3\jackson-databind-2.13.3.jar;C:\Users\Rizve Chowdhury\Desktop\UdacityNano\web_crawler\Java-Nanodegree-Program-Project-2\webcrawler\${userhome}\.m2\repository\com\fasterxml\jackson\core\jackson-annotations\2.13.3\jackson-annotations-2.13.3.jar;C:\Users\Rizve Chowdhury\Desktop\UdacityNano\web_crawler\Java-Nanodegree-Program-Project-2\webcrawler\${userhome}\.m2\repository\org\jsoup\jsoup\1.15.2\jsoup-1.15.2.jar;C:\Users\Rizve Chowdhury\Desktop\UdacityNano\web_crawler\Java-Nanodegree-Program-Project-2\webcrawler\${userhome}\.m2\repository\com\google\truth\truth\1.0.1\truth-1.0.1.jar;C:\Users\Rizve Chowdhury\Desktop\UdacityNano\web_crawler\Java-Nanodegree-Program-Project-2\webcrawler\${userhome}\.m2\repository\org\checkerframework\checker-compat-qual\2.5.5\checker-compat-qual-2.5.5.jar;C:\Users\Rizve Chowdhury\Desktop\UdacityNano\web_crawler\Java-Nanodegree-Program-Project-2\webcrawler\${userhome}\.m2\repository\junit\junit\4.12\junit-4.12.jar;C:\Users\Rizve Chowdhury\Desktop\UdacityNano\web_crawler\Java-Nanodegree-Program-Project-2\webcrawler\${userhome}\.m2\repository\org\hamcrest\hamcrest-core\1.3\hamcrest-core-1.3.jar;C:\Users\Rizve Chowdhury\Desktop\UdacityNano\web_crawler\Java-Nanodegree-Program-Project-2\webcrawler\${userhome}\.m2\repository\com\googlecode\java-diff-utils\diffutils\1.3.0\diffutils-1.3.0.jar;C:\Users\Rizve Chowdhury\Desktop\UdacityNano\web_crawler\Java-Nanodegree-Program-Project-2\webcrawler\${userhome}\.m2\repository\com\google\auto\value\auto-value-annotations\1.6.3\auto-value-annotations-1.6.3.jar;C:\Users\Rizve Chowdhury\Desktop\UdacityNano\web_crawler\Java-Nanodegree-Program-Project-2\webcrawler\${userhome}\.m2\repository\com\google\errorprone\error_prone_annotations\2.3.3\error_prone_annotations-2.3.3.jar;C:\Users\Rizve Chowdhury\Desktop\UdacityNano\web_crawler\Java-Nanodegree-Program-Project-2\webcrawler\${userhome}\.m2\repository\org\junit\jupiter\junit-jupiter\5.6.2\junit-jupiter-5.6.2.jar;C:\Users\Rizve Chowdhury\Desktop\UdacityNano\web_crawler\Java-Nanodegree-Program-Project-2\webcrawler\${userhome}\.m2\repository\org\junit\jupiter\junit-jupiter-api\5.6.2\junit-jupiter-api-5.6.2.jar;C:\Users\Rizve Chowdhury\Desktop\UdacityNano\web_crawler\Java-Nanodegree-Program-Project-2\webcrawler\${userhome}\.m2\repository\org\apiguardian\apiguardian-api\1.1.0\apiguardian-api-1.1.0.jar;C:\Users\Rizve Chowdhury\Desktop\UdacityNano\web_crawler\Java-Nanodegree-Program-Project-2\webcrawler\${userhome}\.m2\repository\org\opentest4j\opentest4j\1.2.0\opentest4j-1.2.0.jar;C:\Users\Rizve Chowdhury\Desktop\UdacityNano\web_crawler\Java-Nanodegree-Program-Project-2\webcrawler\${userhome}\.m2\repository\org\junit\platform\junit-platform-commons\1.6.2\junit-platform-commons-1.6.2.jar;C:\Users\Rizve Chowdhury\Desktop\UdacityNano\web_crawler\Java-Nanodegree-Program-Project-2\webcrawler\${userhome}\.m2\repository\org\junit\jupiter\junit-jupiter-params\5.6.2\junit-jupiter-params-5.6.2.jar;C:\Users\Rizve Chowdhury\Desktop\UdacityNano\web_crawler\Java-Nanodegree-Program-Project-2\webcrawler\${userhome}\.m2\repository\org\junit\jupiter\junit-jupiter-engine\5.6.2\junit-jupiter-engine-5.6.2.jar;C:\Users\Rizve Chowdhury\Desktop\UdacityNano\web_crawler\Java-Nanodegree-Program-Project-2\webcrawler\${userhome}\.m2\repository\org\junit\platform\junit-platform-engine\1.6.2\junit-platform-engine-1.6.2.jar;"/>
    <property name="java.vm.vendor" value="Oracle Corporation"/>
    <property name="sun.arch.data.model" value="64"/>
    <property name="testDataDir" value="C:\Users\Rizve Chowdhury\Desktop\UdacityNano\web_crawler\Java-Nanodegree-Program-Project-2\webcrawler/src/test/data"/>
    <property name="user.variant" value=""/>
    <property name="java.vendor.url" value="https://java.oracle.com/"/>
    <property name="user.timezone" value="America/New_York"/>
    <property name="os.name" value="Windows 10"/>
    <property name="java.vm.specification.version" value="16"/>
    <property name="crawlerImplementations" value="com.udacity.webcrawler.SequentialWebCrawler&#10;                                com.udacity.webcrawler.ParallelWebCrawler"/>
    <property name="sun.java.launcher" value="SUN_STANDARD"/>
    <property name="user.country" value="US"/>
    <property name="sun.boot.library.path" value="C:\Program Files\Java\jdk-16.0.1\bin"/>
    <property name="sun.java.command" value="C:\Users\Rizve Chowdhury\AppData\Local\Temp\surefire8425626051723658722\surefirebooter8329733895363942178.jar C:\Users\Rizve Chowdhury\AppData\Local\Temp\surefire8425626051723658722 2022-09-06T17-13-21_418-jvmRun1 surefire2603768255723914317tmp surefire_015114422453457848736tmp"/>
    <property name="jdk.debug" value="release"/>
    <property name="surefire.test.class.path" value="C:\Users\Rizve Chowdhury\Desktop\UdacityNano\web_crawler\Java-Nanodegree-Program-Project-2\webcrawler\target\test-classes;C:\Users\Rizve Chowdhury\Desktop\UdacityNano\web_crawler\Java-Nanodegree-Program-Project-2\webcrawler\target\classes;C:\Users\Rizve Chowdhury\Desktop\UdacityNano\web_crawler\Java-Nanodegree-Program-Project-2\webcrawler\${userhome}\.m2\repository\com\google\inject\guice\5.1.0\guice-5.1.0.jar;C:\Users\Rizve Chowdhury\Desktop\UdacityNano\web_crawler\Java-Nanodegree-Program-Project-2\webcrawler\${userhome}\.m2\repository\aopalliance\aopalliance\1.0\aopalliance-1.0.jar;C:\Users\Rizve Chowdhury\Desktop\UdacityNano\web_crawler\Java-Nanodegree-Program-Project-2\webcrawler\${userhome}\.m2\repository\com\google\guava\guava\30.1-jre\guava-30.1-jre.jar;C:\Users\Rizve Chowdhury\Desktop\UdacityNano\web_crawler\Java-Nanodegree-Program-Project-2\webcrawler\${userhome}\.m2\repository\com\google\guava\failureaccess\1.0.1\failureaccess-1.0.1.jar;C:\Users\Rizve Chowdhury\Desktop\UdacityNano\web_crawler\Java-Nanodegree-Program-Project-2\webcrawler\${userhome}\.m2\repository\com\google\guava\listenablefuture\9999.0-empty-to-avoid-conflict-with-guava\listenablefuture-9999.0-empty-to-avoid-conflict-with-guava.jar;C:\Users\Rizve Chowdhury\Desktop\UdacityNano\web_crawler\Java-Nanodegree-Program-Project-2\webcrawler\${userhome}\.m2\repository\com\google\code\findbugs\jsr305\3.0.2\jsr305-3.0.2.jar;C:\Users\Rizve Chowdhury\Desktop\UdacityNano\web_crawler\Java-Nanodegree-Program-Project-2\webcrawler\${userhome}\.m2\repository\org\checkerframework\checker-qual\3.5.0\checker-qual-3.5.0.jar;C:\Users\Rizve Chowdhury\Desktop\UdacityNano\web_crawler\Java-Nanodegree-Program-Project-2\webcrawler\${userhome}\.m2\repository\com\google\j2objc\j2objc-annotations\1.3\j2objc-annotations-1.3.jar;C:\Users\Rizve Chowdhury\Desktop\UdacityNano\web_crawler\Java-Nanodegree-Program-Project-2\webcrawler\${userhome}\.m2\repository\javax\inject\javax.inject\1\javax.inject-1.jar;C:\Users\Rizve Chowdhury\Desktop\UdacityNano\web_crawler\Java-Nanodegree-Program-Project-2\webcrawler\${userhome}\.m2\repository\com\fasterxml\jackson\core\jackson-core\2.13.3\jackson-core-2.13.3.jar;C:\Users\Rizve Chowdhury\Desktop\UdacityNano\web_crawler\Java-Nanodegree-Program-Project-2\webcrawler\${userhome}\.m2\repository\com\fasterxml\jackson\core\jackson-databind\2.13.3\jackson-databind-2.13.3.jar;C:\Users\Rizve Chowdhury\Desktop\UdacityNano\web_crawler\Java-Nanodegree-Program-Project-2\webcrawler\${userhome}\.m2\repository\com\fasterxml\jackson\core\jackson-annotations\2.13.3\jackson-annotations-2.13.3.jar;C:\Users\Rizve Chowdhury\Desktop\UdacityNano\web_crawler\Java-Nanodegree-Program-Project-2\webcrawler\${userhome}\.m2\repository\org\jsoup\jsoup\1.15.2\jsoup-1.15.2.jar;C:\Users\Rizve Chowdhury\Desktop\UdacityNano\web_crawler\Java-Nanodegree-Program-Project-2\webcrawler\${userhome}\.m2\repository\com\google\truth\truth\1.0.1\truth-1.0.1.jar;C:\Users\Rizve Chowdhury\Desktop\UdacityNano\web_crawler\Java-Nanodegree-Program-Project-2\webcrawler\${userhome}\.m2\repository\org\checkerframework\checker-compat-qual\2.5.5\checker-compat-qual-2.5.5.jar;C:\Users\Rizve Chowdhury\Desktop\UdacityNano\web_crawler\Java-Nanodegree-Program-Project-2\webcrawler\${userhome}\.m2\repository\junit\junit\4.12\junit-4.12.jar;C:\Users\Rizve Chowdhury\Desktop\UdacityNano\web_crawler\Java-Nanodegree-Program-Project-2\webcrawler\${userhome}\.m2\repository\org\hamcrest\hamcrest-core\1.3\hamcrest-core-1.3.jar;C:\Users\Rizve Chowdhury\Desktop\UdacityNano\web_crawler\Java-Nanodegree-Program-Project-2\webcrawler\${userhome}\.m2\repository\com\googlecode\java-diff-utils\diffutils\1.3.0\diffutils-1.3.0.jar;C:\Users\Rizve Chowdhury\Desktop\UdacityNano\web_crawler\Java-Nanodegree-Program-Project-2\webcrawler\${userhome}\.m2\repository\com\google\auto\value\auto-value-annotations\1.6.3\auto-value-annotations-1.6.3.jar;C:\Users\Rizve Chowdhury\Desktop\UdacityNano\web_crawler\Java-Nanodegree-Program-Project-2\webcrawler\${userhome}\.m2\repository\com\google\errorprone\error_prone_annotations\2.3.3\error_prone_annotations-2.3.3.jar;C:\Users\Rizve Chowdhury\Desktop\UdacityNano\web_crawler\Java-Nanodegree-Program-Project-2\webcrawler\${userhome}\.m2\repository\org\junit\jupiter\junit-jupiter\5.6.2\junit-jupiter-5.6.2.jar;C:\Users\Rizve Chowdhury\Desktop\UdacityNano\web_crawler\Java-Nanodegree-Program-Project-2\webcrawler\${userhome}\.m2\repository\org\junit\jupiter\junit-jupiter-api\5.6.2\junit-jupiter-api-5.6.2.jar;C:\Users\Rizve Chowdhury\Desktop\UdacityNano\web_crawler\Java-Nanodegree-Program-Project-2\webcrawler\${userhome}\.m2\repository\org\apiguardian\apiguardian-api\1.1.0\apiguardian-api-1.1.0.jar;C:\Users\Rizve Chowdhury\Desktop\UdacityNano\web_crawler\Java-Nanodegree-Program-Project-2\webcrawler\${userhome}\.m2\repository\org\opentest4j\opentest4j\1.2.0\opentest4j-1.2.0.jar;C:\Users\Rizve Chowdhury\Desktop\UdacityNano\web_crawler\Java-Nanodegree-Program-Project-2\webcrawler\${userhome}\.m2\repository\org\junit\platform\junit-platform-commons\1.6.2\junit-platform-commons-1.6.2.jar;C:\Users\Rizve Chowdhury\Desktop\UdacityNano\web_crawler\Java-Nanodegree-Program-Project-2\webcrawler\${userhome}\.m2\repository\org\junit\jupiter\junit-jupiter-params\5.6.2\junit-jupiter-params-5.6.2.jar;C:\Users\Rizve Chowdhury\Desktop\UdacityNano\web_crawler\Java-Nanodegree-Program-Project-2\webcrawler\${userhome}\.m2\repository\org\junit\jupiter\junit-jupiter-engine\5.6.2\junit-jupiter-engine-5.6.2.jar;C:\Users\Rizve Chowdhury\Desktop\UdacityNano\web_crawler\Java-Nanodegree-Program-Project-2\webcrawler\${userhome}\.m2\repository\org\junit\platform\junit-platform-engine\1.6.2\junit-platform-engine-1.6.2.jar;"/>
    <property name="sun.cpu.endian" value="little"/>
    <property name="user.home" value="C:\Users\Rizve Chowdhury"/>
    <property name="user.language" value="en"/>
    <property name="java.specification.vendor" value="Oracle Corporation"/>
    <property name="java.version.date" value="2021-04-20"/>
    <property name="java.home" value="C:\Program Files\Java\jdk-16.0.1"/>
    <property name="file.separator" value="\"/>
    <property name="basedir" value="C:\Users\Rizve Chowdhury\Desktop\UdacityNano\web_crawler\Java-Nanodegree-Program-Project-2\webcrawler"/>
    <property name="java.vm.compressedOopsMode" value="Zero based"/>
    <property name="line.separator" value="&#10;"/>
    <property name="java.vm.specification.vendor" value="Oracle Corporation"/>
    <property name="java.specification.name" value="Java Platform API Specification"/>
    <property name="surefire.real.class.path" value="C:\Users\Rizve Chowdhury\AppData\Local\Temp\surefire8425626051723658722\surefirebooter8329733895363942178.jar"/>
    <property name="user.script" value=""/>
    <property name="sun.management.compiler" value="HotSpot 64-Bit Tiered Compilers"/>
    <property name="java.runtime.version" value="16.0.1+9-24"/>
    <property name="user.name" value="Rizve Chowdhury"/>
    <property name="path.separator" value=";"/>
    <property name="os.version" value="10.0"/>
    <property name="java.runtime.name" value="Java(TM) SE Runtime Environment"/>
    <property name="file.encoding" value="Cp1252"/>
    <property name="java.vm.name" value="Java HotSpot(TM) 64-Bit Server VM"/>
    <property name="localRepository" value="C:\Users\Rizve Chowdhury\Desktop\UdacityNano\web_crawler\Java-Nanodegree-Program-Project-2\webcrawler\${userhome}\.m2\repository"/>
    <property name="java.vendor.url.bug" value="https://bugreport.java.com/bugreport/"/>
    <property name="java.io.tmpdir" value="C:\Users\RIZVEC~1\AppData\Local\Temp\"/>
    <property name="java.version" value="16.0.1"/>
    <property name="user.dir" value="C:\Users\Rizve Chowdhury\Desktop\UdacityNano\web_crawler\Java-Nanodegree-Program-Project-2\webcrawler"/>
    <property name="os.arch" value="amd64"/>
    <property name="java.vm.specification.name" value="Java Virtual Machine Specification"/>
    <property name="sun.os.patch.level" value=""/>
    <property name="java.library.path" value="C:\Program Files\Java\jdk-16.0.1\bin;C:\WINDOWS\Sun\Java\bin;C:\WINDOWS\system32;C:\WINDOWS;E:\ABAQUS\Commands;E:\Applications\ABAQUS\Commands;C:\Python310\Scripts\;C:\Python310\;E:\Applications\bin\;C:\Program Files\Common Files\Oracle\Java\javapath;C:\Program Files\AdoptOpenJDK\jdk-16.0.1.9-hotspot\bin;E:\Gurobi\win64\bin;C:\Program Files\IBM\ILOG\CPLEX_Studio1210\opl\bin\x64_win64;C:\Program Files\IBM\ILOG\CPLEX_Studio1210\opl\oplide\;C:\Program Files\IBM\ILOG\CPLEX_Studio1210\cplex\bin\x64_win64;C:\Program Files\IBM\ILOG\CPLEX_Studio1210\cpoptimizer\bin\x64_win64;C:\Program Files (x86)\Common Files\Oracle\Java\javapath;E:\\Commands;C:\Program Files (x86)\IntelSWTools\sw_dev_tools\OpenCL\sdk\bin\x64;C:\Program Files (x86)\IntelSWTools\sw_dev_tools\OpenCL\sdk\bin\x86;C:\Program Files (x86)\IntelSWTools\sw_dev_tools\OpenCL\sdk\bin\Pin;C:\Program Files (x86)\IntelSWTools\sw_dev_tools\OpenCL\sdk\bin\GTPin;C:\Windows\system32;C:\Windows;C:\Windows\System32\Wbem;C:\Windows\System32\WindowsPowerShell\v1.0\;C:\Program Files (x86)\NVIDIA Corporation\PhysX\Common;C:\WINDOWS\system32;C:\WINDOWS;C:\WINDOWS\System32\Wbem;C:\WINDOWS\System32\WindowsPowerShell\v1.0\;C:\WINDOWS\System32\OpenSSH\;E:\MATLAB\bin;C:\Program Files\MATLAB\R2020a\bin;C:\Program Files (x86)\Calibre2\;C:\Program Files\PuTTY\;C:\Program Files (x86)\Windows Kits\8.1\Windows Performance Toolkit\;C:\Program Files\Microsoft SQL Server\Client SDK\ODBC\130\Tools\Binn\;C:\Program Files (x86)\Microsoft SQL Server\140\Tools\Binn\;C:\Program Files\Microsoft SQL Server\140\Tools\Binn\;C:\Program Files\Microsoft SQL Server\140\DTS\Binn\;C:\Program Files (x86)\Microsoft SQL Server\150\DTS\Binn\;C:\WINDOWS\system32;C:\WINDOWS;C:\WINDOWS\System32\Wbem;C:\WINDOWS\System32\WindowsPowerShell\v1.0\;C:\WINDOWS\System32\OpenSSH\;C:\Program Files\nodejs\;C:\ProgramData\chocolatey\bin;C:\Program Files\dotnet\;C:\Program Files\CMake\bin;C:\Program Files\Git\cmd;C:\Program Files\Git\git.exe;C:\pkg-config-lite-0.28-1\bin;C:\gnome\bin;C:\Python310\Lib\site-packages;C:\Program Files\Meson\;C:\Program Files (x86)\Windows Kits;C:\Program Files\apache-maven-3.8.6\bin;C:\Users\Rizve Chowdhury\.cargo\bin;C:\Program Files\MySQL\MySQL Shell 8.0\bin\;C:\Users\Rizve Chowdhury\AppData\Local\Microsoft\WindowsApps;C:\Users\Rizve Chowdhury\AppData\Local\GitHubDesktop\bin;C:\Users\Rizve Chowdhury\AppData\Local\Programs\Microsoft VS Code\bin;E:\mingw-w64\mingw32\bin;e:\my applications\win32pe_edu;C:\Users\Rizve Chowdhury\AppData\Local\Programs\MiKTeX\miktex\bin\x64\;C:\Users\Rizve Chowdhury\AppData\Roaming\npm;C:\Users\Rizve Chowdhury\.dotnet\tools;C:\tools\msys64;."/>
    <property name="java.vm.info" value="mixed mode, sharing"/>
    <property name="java.vendor" value="Oracle Corporation"/>
    <property name="java.vm.version" value="16.0.1+9-24"/>
    <property name="sun.io.unicode.encoding" value="UnicodeLittle"/>
    <property name="java.class.version" value="60.0"/>
  </properties>
  <testcase name="testMaxParallelism" classname="com.udacity.webcrawler.ParallelWebCrawlerTest" time="0.276"/>
</testsuite>